# JRE version: Java(TM) SE Runtime Environment (8.0_25-b17) (build 1.8.0_25-b17)
# Java VM: Java HotSpot(TM) 64-Bit Server VM (25.25-b02 mixed mode linux-amd64 compressed oops)
Heap:
 PSYoungGen      total 179200K, used 178826K [0x00000000d6900000, 0x00000000e6800000, 0x0000000100000000)
  eden space 171520K, 100% used [0x00000000d6900000,0x00000000e1080000,0x00000000e1080000)
  from space 7680K, 95% used [0x00000000e6080000,0x00000000e67a2930,0x00000000e6800000)
  to   space 17408K, 44% used [0x00000000e4600000,0x00000000e4d8a930,0x00000000e5700000)
 ParOldGen       total 174080K, used 154506K [0x0000000083a00000, 0x000000008e400000, 0x00000000d6900000)
  object space 174080K, 88% used [0x0000000083a00000,0x000000008d0e2860,0x000000008e400000)
 Metaspace       used 14405K, capacity 14572K, committed 14848K, reserved 1062912K
  class space    used 1669K, capacity 1704K, committed 1792K, reserved 1048576K
GC Heap History (10 events):
Event: 881.603 GC heap after
Heap after GC invocations=28 (full 2):
 PSYoungGen      total 205312K, used 1722K [0x00000000d6900000, 0x00000000e8400000, 0x0000000100000000)
  eden space 203264K, 0% used [0x00000000d6900000,0x00000000d6900000,0x00000000e2f80000)
  from space 2048K, 84% used [0x00000000e8200000,0x00000000e83ae8c8,0x00000000e8400000)
  to   space 17408K, 0% used [0x00000000e6200000,0x00000000e6200000,0x00000000e7300000)
 ParOldGen       total 174080K, used 134697K [0x0000000083a00000, 0x000000008e400000, 0x00000000d6900000)
  object space 174080K, 77% used [0x0000000083a00000,0x000000008bd8a728,0x000000008e400000)
 Metaspace       used 14267K, capacity 14368K, committed 14592K, reserved 1062912K
  class space    used 1667K, capacity 1702K, committed 1792K, reserved 1048576K
}
Event: 882.226 GC heap before
{Heap before GC invocations=29 (full 2):
 PSYoungGen      total 205312K, used 204986K [0x00000000d6900000, 0x00000000e8400000, 0x0000000100000000)
  eden space 203264K, 100% used [0x00000000d6900000,0x00000000e2f80000,0x00000000e2f80000)
  from space 2048K, 84% used [0x00000000e8200000,0x00000000e83ae8c8,0x00000000e8400000)
  to   space 17408K, 0% used [0x00000000e6200000,0x00000000e6200000,0x00000000e7300000)
 ParOldGen       total 174080K, used 134697K [0x0000000083a00000, 0x000000008e400000, 0x00000000d6900000)
  object space 174080K, 77% used [0x0000000083a00000,0x000000008bd8a728,0x000000008e400000)
 Metaspace       used 14267K, capacity 14368K, committed 14592K, reserved 1062912K
  class space    used 1667K, capacity 1702K, committed 1792K, reserved 1048576K
Event: 882.229 GC heap after
Heap after GC invocations=29 (full 2):
 PSYoungGen      total 196608K, used 1818K [0x00000000d6900000, 0x00000000e8280000, 0x0000000100000000)
  eden space 194560K, 0% used [0x00000000d6900000,0x00000000d6900000,0x00000000e2700000)
  from space 2048K, 88% used [0x00000000e6200000,0x00000000e63c68c8,0x00000000e6400000)
  to   space 17408K, 0% used [0x00000000e7180000,0x00000000e7180000,0x00000000e8280000)
 ParOldGen       total 174080K, used 134697K [0x0000000083a00000, 0x000000008e400000, 0x00000000d6900000)
  object space 174080K, 77% used [0x0000000083a00000,0x000000008bd8a728,0x000000008e400000)
 Metaspace       used 14267K, capacity 14368K, committed 14592K, reserved 1062912K
  class space    used 1667K, capacity 1702K, committed 1792K, reserved 1048576K
}
Event: 882.886 GC heap before
{Heap before GC invocations=30 (full 2):
 PSYoungGen      total 196608K, used 196378K [0x00000000d6900000, 0x00000000e8280000, 0x0000000100000000)
  eden space 194560K, 100% used [0x00000000d6900000,0x00000000e2700000,0x00000000e2700000)
  from space 2048K, 88% used [0x00000000e6200000,0x00000000e63c68c8,0x00000000e6400000)
  to   space 17408K, 0% used [0x00000000e7180000,0x00000000e7180000,0x00000000e8280000)
 ParOldGen       total 174080K, used 134697K [0x0000000083a00000, 0x000000008e400000, 0x00000000d6900000)
  object space 174080K, 77% used [0x0000000083a00000,0x000000008bd8a728,0x000000008e400000)
 Metaspace       used 14268K, capacity 14368K, committed 14592K, reserved 1062912K
  class space    used 1667K, capacity 1702K, committed 1792K, reserved 1048576K
Event: 882.890 GC heap after
Heap after GC invocations=30 (full 2):
 PSYoungGen      total 189440K, used 2906K [0x00000000d6900000, 0x00000000e7480000, 0x0000000100000000)
  eden space 186368K, 0% used [0x00000000d6900000,0x00000000d6900000,0x00000000e1f00000)
  from space 3072K, 94% used [0x00000000e7180000,0x00000000e74568c8,0x00000000e7480000)
  to   space 16896K, 0% used [0x00000000e5380000,0x00000000e5380000,0x00000000e6400000)
 ParOldGen       total 174080K, used 134697K [0x0000000083a00000, 0x000000008e400000, 0x00000000d6900000)
  object space 174080K, 77% used [0x0000000083a00000,0x000000008bd8a728,0x000000008e400000)
 Metaspace       used 14268K, capacity 14368K, committed 14592K, reserved 1062912K
  class space    used 1667K, capacity 1702K, committed 1792K, reserved 1048576K
}
Event: 979.946 GC heap before
{Heap before GC invocations=31 (full 2):
 PSYoungGen      total 189440K, used 189274K [0x00000000d6900000, 0x00000000e7480000, 0x0000000100000000)
  eden space 186368K, 100% used [0x00000000d6900000,0x00000000e1f00000,0x00000000e1f00000)
  from space 3072K, 94% used [0x00000000e7180000,0x00000000e74568c8,0x00000000e7480000)
  to   space 16896K, 0% used [0x00000000e5380000,0x00000000e5380000,0x00000000e6400000)
 ParOldGen       total 174080K, used 134697K [0x0000000083a00000, 0x000000008e400000, 0x00000000d6900000)
  object space 174080K, 77% used [0x0000000083a00000,0x000000008bd8a728,0x000000008e400000)
 Metaspace       used 14335K, capacity 14502K, committed 14848K, reserved 1062912K
  class space    used 1668K, capacity 1703K, committed 1792K, reserved 1048576K
Event: 979.957 GC heap after
Heap after GC invocations=31 (full 2):
 PSYoungGen      total 192000K, used 12928K [0x00000000d6900000, 0x00000000e7200000, 0x0000000100000000)
  eden space 178688K, 0% used [0x00000000d6900000,0x00000000d6900000,0x00000000e1780000)
  from space 13312K, 97% used [0x00000000e5380000,0x00000000e60200d0,0x00000000e6080000)
  to   space 17920K, 0% used [0x00000000e6080000,0x00000000e6080000,0x00000000e7200000)
 ParOldGen       total 174080K, used 137507K [0x0000000083a00000, 0x000000008e400000, 0x00000000d6900000)
  object space 174080K, 78% used [0x0000000083a00000,0x000000008c048ff0,0x000000008e400000)
 Metaspace       used 14335K, capacity 14502K, committed 14848K, reserved 1062912K
  class space    used 1668K, capacity 1703K, committed 1792K, reserved 1048576K
}
Event: 1001.876 GC heap before
{Heap before GC invocations=32 (full 2):
 PSYoungGen      total 192000K, used 191616K [0x00000000d6900000, 0x00000000e7200000, 0x0000000100000000)
  eden space 178688K, 100% used [0x00000000d6900000,0x00000000e1780000,0x00000000e1780000)
  from space 13312K, 97% used [0x00000000e5380000,0x00000000e60200d0,0x00000000e6080000)
  to   space 17920K, 0% used [0x00000000e6080000,0x00000000e6080000,0x00000000e7200000)
 ParOldGen       total 174080K, used 137507K [0x0000000083a00000, 0x000000008e400000, 0x00000000d6900000)
  object space 174080K, 78% used [0x0000000083a00000,0x000000008c048ff0,0x000000008e400000)
 Metaspace       used 14386K, capacity 14508K, committed 14848K, reserved 1062912K
  class space    used 1669K, capacity 1704K, committed 1792K, reserved 1048576K
Event: 1001.890 GC heap after
Heap after GC invocations=32 (full 2):
 PSYoungGen      total 179200K, used 7306K [0x00000000d6900000, 0x00000000e6800000, 0x0000000100000000)
  eden space 171520K, 0% used [0x00000000d6900000,0x00000000d6900000,0x00000000e1080000)
  from space 7680K, 95% used [0x00000000e6080000,0x00000000e67a2930,0x00000000e6800000)
  to   space 17408K, 0% used [0x00000000e4600000,0x00000000e4600000,0x00000000e5700000)
 ParOldGen       total 174080K, used 147905K [0x0000000083a00000, 0x000000008e400000, 0x00000000d6900000)
  object space 174080K, 84% used [0x0000000083a00000,0x000000008ca707f8,0x000000008e400000)
 Metaspace       used 14386K, capacity 14508K, committed 14848K, reserved 1062912K
  class space    used 1669K, capacity 1704K, committed 1792K, reserved 1048576K
}
Event: 1111.118 GC heap before
{Heap before GC invocations=33 (full 2):
 PSYoungGen      total 179200K, used 178826K [0x00000000d6900000, 0x00000000e6800000, 0x0000000100000000)
  eden space 171520K, 100% used [0x00000000d6900000,0x00000000e1080000,0x00000000e1080000)
  from space 7680K, 95% used [0x00000000e6080000,0x00000000e67a2930,0x00000000e6800000)
  to   space 17408K, 0% used [0x00000000e4600000,0x00000000e4600000,0x00000000e5700000)
 ParOldGen       total 174080K, used 147905K [0x0000000083a00000, 0x000000008e400000, 0x00000000d6900000)
  object space 174080K, 84% used [0x0000000083a00000,0x000000008ca707f8,0x000000008e400000)
 Metaspace       used 14405K, capacity 14572K, committed 14848K, reserved 1062912K
  class space    used 1669K, capacity 1704K, committed 1792K, reserved 1048576K

